#
# There is insufficient memory for the Java Runtime Environment to continue.
# Native memory allocation (malloc) failed to allocate 372016 bytes for Chunk::new
# Possible reasons:
#   The system is out of physical RAM or swap space
#   In 32 bit mode, the process size limit was hit
# Possible solutions:
#   Reduce memory load on the system
#   Increase physical memory or swap space
#   Check if swap backing store is full
#   Use 64 bit Java on a 64 bit OS
#   Decrease Java heap size (-Xmx/-Xms)
#   Decrease number of Java threads
#   Decrease Java thread stack sizes (-Xss)
#   Set larger code cache with -XX:ReservedCodeCacheSize=
# This output file may be truncated or incomplete.
#
#  Out of Memory Error (allocation.cpp:390), pid=7344, tid=0x0000000000000350
#
# JRE version: Java(TM) SE Runtime Environment (8.0_144-b01) (build 1.8.0_144-b01)
# Java VM: Java HotSpot(TM) 64-Bit Server VM (25.144-b01 mixed mode windows-amd64 compressed oops)
# Failed to write core dump. Minidumps are not enabled by default on client versions of Windows
#

---------------  T H R E A D  ---------------

Current thread (0x0000000016f48800):  JavaThread "C2 CompilerThread0" daemon [_thread_in_native, id=848, stack(0x0000000018a60000,0x0000000018b60000)]

Stack: [0x0000000018a60000,0x0000000018b60000]
[error occurred during error reporting (printing stack bounds), id 0xc0000005]

Native frames: (J=compiled Java code, j=interpreted, Vv=VM code, C=native code)


Current CompileTask:
C2:   2718 1837       4       java.net.URLClassLoader$1::run (5 bytes)


---------------  P R O C E S S  ---------------

Java Threads: ( => current thread )
  0x000000001861c800 JavaThread "Service Thread" daemon [_thread_blocked, id=9996, stack(0x0000000018d60000,0x0000000018e60000)]
  0x0000000016f52000 JavaThread "C1 CompilerThread2" daemon [_thread_blocked, id=8068, stack(0x0000000018c60000,0x0000000018d60000)]
  0x0000000016f4c800 JavaThread "C2 CompilerThread1" daemon [_thread_blocked, id=7868, stack(0x0000000018b60000,0x0000000018c60000)]
=>0x0000000016f48800 JavaThread "C2 CompilerThread0" daemon [_thread_in_native, id=848, stack(0x0000000018a60000,0x0000000018b60000)]
  0x00000000185a2800 JavaThread "Monitor Ctrl-Break" daemon [_thread_in_native, id=8448, stack(0x0000000018960000,0x0000000018a60000)]
  0x0000000016f16000 JavaThread "Attach Listener" daemon [_thread_blocked, id=7836, stack(0x0000000018460000,0x0000000018560000)]
  0x0000000016f14800 JavaThread "Signal Dispatcher" daemon [_thread_blocked, id=5352, stack(0x0000000018360000,0x0000000018460000)]
  0x0000000016efa800 JavaThread "Finalizer" daemon [_thread_blocked, id=1880, stack(0x0000000018170000,0x0000000018270000)]
  0x0000000016ed9000 JavaThread "Reference Handler" daemon [_thread_blocked, id=9400, stack(0x0000000018070000,0x0000000018170000)]
  0x0000000001fcd800 JavaThread "main" [_thread_in_native, id=9500, stack(0x00000000020a0000,0x00000000021a0000)]

Other Threads:
  0x0000000016ed7800 VMThread [stack: 0x0000000017f70000,0x0000000018070000] [id=9464]
  0x0000000018620800 WatcherThread [stack: 0x0000000018e60000,0x0000000018f60000] [id=9840]

VM state:not at safepoint (normal execution)

VM Mutex/Monitor currently owned by a thread: None

Heap:
 PSYoungGen      total 38400K, used 6412K [0x00000000d5c00000, 0x00000000d8680000, 0x0000000100000000)
  eden space 33280K, 3% used [0x00000000d5c00000,0x00000000d5d470f0,0x00000000d7c80000)
  from space 5120K, 99% used [0x00000000d7c80000,0x00000000d817c030,0x00000000d8180000)
  to   space 5120K, 0% used [0x00000000d8180000,0x00000000d8180000,0x00000000d8680000)
 ParOldGen       total 87552K, used 3804K [0x0000000081400000, 0x0000000086980000, 0x00000000d5c00000)
  object space 87552K, 4% used [0x0000000081400000,0x00000000817b7050,0x0000000086980000)
 Metaspace       used 15092K, capacity 15342K, committed 15616K, reserved 1062912K
  class space    used 1857K, capacity 1943K, committed 2048K, reserved 1048576K

Card table byte_map: [0x0000000011760000,0x0000000011b60000] byte_map_base: 0x0000000011356000

Marking Bits: (ParMarkBitMap*) 0x000000005c99d850
 Begin Bits: [0x0000000012210000, 0x00000000141c0000)
 End Bits:   [0x00000000141c0000, 0x0000000016170000)

Polling page: 0x0000000000610000

CodeCache: size=245760Kb used=6388Kb max_used=6388Kb free=239371Kb
 bounds [0x00000000023a0000, 0x00000000029f0000, 0x00000000113a0000]
 total_blobs=2236 nmethods=1893 adapters=255
 compilation: enabled

Compilation events (10 events):
Event: 2.670 Thread 0x0000000016f52000 1890       3       java.lang.reflect.Field::set (52 bytes)
Event: 2.670 Thread 0x0000000016f52000 nmethod 1890 0x00000000029d9bd0 code [0x00000000029d9da0, 0x00000000029da3e8]
Event: 2.670 Thread 0x0000000016f52000 1886       1       org.apache.maven.model.Model::getGroupId (5 bytes)
Event: 2.670 Thread 0x0000000016f52000 nmethod 1886 0x00000000029d8090 code [0x00000000029d81e0, 0x00000000029d82f0]
Event: 2.702 Thread 0x0000000016f52000 1892       3       java.lang.String::trim (77 bytes)
Event: 2.703 Thread 0x0000000016f52000 nmethod 1892 0x00000000029dc3d0 code [0x00000000029dc560, 0x00000000029dca08]
Event: 2.703 Thread 0x0000000016f52000 1893       3       org.codehaus.plexus.util.xml.pull.MXParser::nextImpl (1202 bytes)
Event: 2.707 Thread 0x0000000016f52000 nmethod 1893 0x00000000029dcb90 code [0x00000000029dd140, 0x00000000029e0768]
Event: 2.707 Thread 0x0000000016f52000 1894       3       org.apache.maven.model.Contributor::<init> (5 bytes)
Event: 2.707 Thread 0x0000000016f52000 nmethod 1894 0x00000000029d9810 code [0x00000000029d9960, 0x00000000029d9b10]

GC Heap History (6 events):
Event: 0.918 GC heap before
{Heap before GC invocations=1 (full 0):
 PSYoungGen      total 38400K, used 33280K [0x00000000d5c00000, 0x00000000d8680000, 0x0000000100000000)
  eden space 33280K, 100% used [0x00000000d5c00000,0x00000000d7c80000,0x00000000d7c80000)
  from space 5120K, 0% used [0x00000000d8180000,0x00000000d8180000,0x00000000d8680000)
  to   space 5120K, 0% used [0x00000000d7c80000,0x00000000d7c80000,0x00000000d8180000)
 ParOldGen       total 87552K, used 0K [0x0000000081400000, 0x0000000086980000, 0x00000000d5c00000)
  object space 87552K, 0% used [0x0000000081400000,0x0000000081400000,0x0000000086980000)
 Metaspace       used 8097K, capacity 8200K, committed 8320K, reserved 1056768K
  class space    used 1003K, capacity 1052K, committed 1152K, reserved 1048576K
Event: 0.924 GC heap after
Heap after GC invocations=1 (full 0):
 PSYoungGen      total 38400K, used 4638K [0x00000000d5c00000, 0x00000000d8680000, 0x0000000100000000)
  eden space 33280K, 0% used [0x00000000d5c00000,0x00000000d5c00000,0x00000000d7c80000)
  from space 5120K, 90% used [0x00000000d7c80000,0x00000000d8107928,0x00000000d8180000)
  to   space 5120K, 0% used [0x00000000d8180000,0x00000000d8180000,0x00000000d8680000)
 ParOldGen       total 87552K, used 8K [0x0000000081400000, 0x0000000086980000, 0x00000000d5c00000)
  object space 87552K, 0% used [0x0000000081400000,0x0000000081402000,0x0000000086980000)
 Metaspace       used 8097K, capacity 8200K, committed 8320K, reserved 1056768K
  class space    used 1003K, capacity 1052K, committed 1152K, reserved 1048576K
}
Event: 1.359 GC heap before
{Heap before GC invocations=2 (full 0):
 PSYoungGen      total 38400K, used 37902K [0x00000000d5c00000, 0x00000000d8680000, 0x0000000100000000)
  eden space 33280K, 99% used [0x00000000d5c00000,0x00000000d7c7c0a0,0x00000000d7c80000)
  from space 5120K, 90% used [0x00000000d7c80000,0x00000000d8107928,0x00000000d8180000)
  to   space 5120K, 0% used [0x00000000d8180000,0x00000000d8180000,0x00000000d8680000)
 ParOldGen       total 87552K, used 8K [0x0000000081400000, 0x0000000086980000, 0x00000000d5c00000)
  object space 87552K, 0% used [0x0000000081400000,0x0000000081402000,0x0000000086980000)
 Metaspace       used 11450K, capacity 11726K, committed 11904K, reserved 1058816K
  class space    used 1436K, capacity 1543K, committed 1664K, reserved 1048576K
Event: 1.366 GC heap after
Heap after GC invocations=2 (full 0):
 PSYoungGen      total 38400K, used 5116K [0x00000000d5c00000, 0x00000000d8680000, 0x0000000100000000)
  eden space 33280K, 0% used [0x00000000d5c00000,0x00000000d5c00000,0x00000000d7c80000)
  from space 5120K, 99% used [0x00000000d8180000,0x00000000d867f1e0,0x00000000d8680000)
  to   space 5120K, 0% used [0x00000000d7c80000,0x00000000d7c80000,0x00000000d8180000)
 ParOldGen       total 87552K, used 1391K [0x0000000081400000, 0x0000000086980000, 0x00000000d5c00000)
  object space 87552K, 1% used [0x0000000081400000,0x000000008155bf50,0x0000000086980000)
 Metaspace       used 11450K, capacity 11726K, committed 11904K, reserved 1058816K
  class space    used 1436K, capacity 1543K, committed 1664K, reserved 1048576K
}
Event: 2.578 GC heap before
{Heap before GC invocations=3 (full 0):
 PSYoungGen      total 38400K, used 38396K [0x00000000d5c00000, 0x00000000d8680000, 0x0000000100000000)
  eden space 33280K, 100% used [0x00000000d5c00000,0x00000000d7c80000,0x00000000d7c80000)
  from space 5120K, 99% used [0x00000000d8180000,0x00000000d867f1e0,0x00000000d8680000)
  to   space 5120K, 0% used [0x00000000d7c80000,0x00000000d7c80000,0x00000000d8180000)
 ParOldGen       total 87552K, used 1391K [0x0000000081400000, 0x0000000086980000, 0x00000000d5c00000)
  object space 87552K, 1% used [0x0000000081400000,0x000000008155bf50,0x0000000086980000)
 Metaspace       used 15077K, capacity 15336K, committed 15616K, reserved 1062912K
  class space    used 1857K, capacity 1942K, committed 2048K, reserved 1048576K
Event: 2.593 GC heap after
Heap after GC invocations=3 (full 0):
 PSYoungGen      total 38400K, used 5104K [0x00000000d5c00000, 0x00000000d8680000, 0x0000000100000000)
  eden space 33280K, 0% used [0x00000000d5c00000,0x00000000d5c00000,0x00000000d7c80000)
  from space 5120K, 99% used [0x00000000d7c80000,0x00000000d817c030,0x00000000d8180000)
  to   space 5120K, 0% used [0x00000000d8180000,0x00000000d8180000,0x00000000d8680000)
 ParOldGen       total 87552K, used 3804K [0x0000000081400000, 0x0000000086980000, 0x00000000d5c00000)
  object space 87552K, 4% used [0x0000000081400000,0x00000000817b7050,0x0000000086980000)
 Metaspace       used 15077K, capacity 15336K, committed 15616K, reserved 1062912K
  class space    used 1857K, capacity 1942K, committed 2048K, reserved 1048576K
}

Deoptimization events (10 events):
Event: 1.874 Thread 0x0000000001fcd800 Uncommon trap: reason=unstable_if action=reinterpret pc=0x0000000002588bd4 method=java.lang.String.replace(CC)Ljava/lang/String; @ 2
Event: 2.004 Thread 0x0000000001fcd800 Uncommon trap: reason=unstable_if action=reinterpret pc=0x000000000260f788 method=sun.nio.cs.UTF_8$Decoder.decode([BII[C)I @ 30
Event: 2.004 Thread 0x0000000001fcd800 Uncommon trap: reason=unstable_if action=reinterpret pc=0x000000000260e6c8 method=sun.nio.cs.UTF_8$Decoder.decodeArrayLoop(Ljava/nio/ByteBuffer;Ljava/nio/CharBuffer;)Ljava/nio/charset/CoderResult; @ 84
Event: 2.078 Thread 0x0000000001fcd800 Uncommon trap: reason=unstable_if action=reinterpret pc=0x00000000028fe090 method=org.codehaus.plexus.util.xml.pull.MXParser.nextImpl()I @ 1161
Event: 2.100 Thread 0x0000000001fcd800 Uncommon trap: reason=unstable_if action=reinterpret pc=0x000000000275807c method=java.util.HashMap.hash(Ljava/lang/Object;)I @ 1
Event: 2.100 Thread 0x0000000001fcd800 Uncommon trap: reason=unstable_if action=reinterpret pc=0x0000000002666528 method=java.util.HashMap.hash(Ljava/lang/Object;)I @ 1
Event: 2.156 Thread 0x0000000001fcd800 Uncommon trap: reason=unstable_if action=reinterpret pc=0x0000000002930a44 method=org.codehaus.plexus.util.xml.pull.MXParser.nextImpl()I @ 310
Event: 2.172 Thread 0x0000000001fcd800 Uncommon trap: reason=null_check action=make_not_entrant pc=0x000000000293388c method=org.apache.maven.model.io.xpp3.MavenXpp3Reader.checkFieldWithDuplicate(Lorg/codehaus/plexus/util/xml/pull/XmlPullParser;Ljava/lang/String;Ljava/lang/String;Ljava/util/Se
Event: 2.663 Thread 0x0000000001fcd800 Uncommon trap: reason=unstable_if action=reinterpret pc=0x0000000002925860 method=java.lang.String.trim()Ljava/lang/String; @ 63
Event: 2.702 Thread 0x0000000001fcd800 Uncommon trap: reason=unstable_if action=reinterpret pc=0x0000000002973ce8 method=org.codehaus.plexus.util.xml.pull.MXParser.nextImpl()I @ 972

Internal exceptions (10 events):
Event: 0.807 Thread 0x0000000001fcd800 Exception <a 'java/lang/ArrayIndexOutOfBoundsException': 100> (0x00000000d7251e28) thrown at [C:\re\workspace\8-2-build-windows-amd64-cygwin\jdk8u144\9417\hotspot\src\share\vm\interpreter\interpreterRuntime.cpp, line 366]
Event: 0.807 Thread 0x0000000001fcd800 Exception <a 'java/lang/ArrayIndexOutOfBoundsException': 86> (0x00000000d7253480) thrown at [C:\re\workspace\8-2-build-windows-amd64-cygwin\jdk8u144\9417\hotspot\src\share\vm\interpreter\interpreterRuntime.cpp, line 366]
Event: 0.807 Thread 0x0000000001fcd800 Exception <a 'java/lang/ArrayIndexOutOfBoundsException': 24> (0x00000000d72fa828) thrown at [C:\re\workspace\8-2-build-windows-amd64-cygwin\jdk8u144\9417\hotspot\src\share\vm\interpreter\interpreterRuntime.cpp, line 366]
Event: 1.570 Thread 0x0000000001fcd800 Exception <a 'java/lang/NoClassDefFoundError': com/google/inject/servlet/ServletModuleTargetVisitor> (0x00000000d6603508) thrown at [C:\re\workspace\8-2-build-windows-amd64-cygwin\jdk8u144\9417\hotspot\src\share\vm\classfile\systemDictionary.cpp, line 199
Event: 1.570 Thread 0x0000000001fcd800 Exception <a 'java/lang/NoClassDefFoundError'> (0x00000000d6603508) thrown at [C:\re\workspace\8-2-build-windows-amd64-cygwin\jdk8u144\9417\hotspot\src\share\vm\prims\jvm.cpp, line 1394]
Event: 1.571 Thread 0x0000000001fcd800 Exception <a 'java/lang/NoClassDefFoundError': javax/annotation/Priority> (0x00000000d6608510) thrown at [C:\re\workspace\8-2-build-windows-amd64-cygwin\jdk8u144\9417\hotspot\src\share\vm\classfile\systemDictionary.cpp, line 199]
Event: 1.719 Thread 0x0000000001fcd800 Implicit null exception at 0x0000000002558a1b to 0x0000000002558bcd
Event: 2.100 Thread 0x0000000001fcd800 Implicit null exception at 0x0000000002757e95 to 0x000000000275806d
Event: 2.100 Thread 0x0000000001fcd800 Implicit null exception at 0x00000000026664af to 0x0000000002666519
Event: 2.172 Thread 0x0000000001fcd800 Implicit null exception at 0x00000000029335ca to 0x0000000002933871

Events (10 events):
Event: 2.458 loading class org/eclipse/aether/internal/impl/DataPool$GraphKey
Event: 2.458 loading class org/eclipse/aether/internal/impl/DataPool$GraphKey done
Event: 2.578 Executing VM operation: ParallelGCFailedAllocation
Event: 2.593 Executing VM operation: ParallelGCFailedAllocation done
Event: 2.663 Thread 0x0000000001fcd800 Uncommon trap: trap_request=0xffffff65 fr.pc=0x0000000002925860
Event: 2.663 Thread 0x0000000001fcd800 DEOPT PACKING pc=0x0000000002925860 sp=0x000000000219c220
Event: 2.663 Thread 0x0000000001fcd800 DEOPT UNPACKING pc=0x00000000023e582a sp=0x000000000219c1f0 mode 2
Event: 2.702 Thread 0x0000000001fcd800 Uncommon trap: trap_request=0xffffff65 fr.pc=0x0000000002973ce8
Event: 2.702 Thread 0x0000000001fcd800 DEOPT PACKING pc=0x0000000002973ce8 sp=0x000000000219c370
Event: 2.702 Thread 0x0000000001fcd800 DEOPT UNPACKING pc=0x00000000023e582a sp=0x000000000219c2d8 mode 2


Dynamic libraries:
0x00007ff7ad9b0000 - 0x00007ff7ad9e7000 	C:\Program Files\Java\jdk1.8.0_144\bin\java.exe
0x00007fff6cff0000 - 0x00007fff6d1c2000 	C:\Windows\SYSTEM32\ntdll.dll
0x00007fff6ac10000 - 0x00007fff6acbc000 	C:\Windows\System32\KERNEL32.DLL
0x00007fff4ce30000 - 0x00007fff4ce63000 	C:\Program Files\AVAST Software\Avast\x64\aswhooka.dll
0x00007fff69a30000 - 0x00007fff69c4d000 	C:\Windows\System32\KERNELBASE.dll
0x00007fff6c520000 - 0x00007fff6c5c2000 	C:\Windows\System32\ADVAPI32.dll
0x00007fff6cbc0000 - 0x00007fff6cc5e000 	C:\Windows\System32\msvcrt.dll
0x00007fff6cc60000 - 0x00007fff6ccb9000 	C:\Windows\System32\sechost.dll
0x00007fff6c1d0000 - 0x00007fff6c2f1000 	C:\Windows\System32\RPCRT4.dll
0x00007fff6c770000 - 0x00007fff6c8d5000 	C:\Windows\System32\USER32.dll
0x00007fff6a440000 - 0x00007fff6a45e000 	C:\Windows\System32\win32u.dll
0x00007fff6abd0000 - 0x00007fff6ac04000 	C:\Windows\System32\GDI32.dll
0x00007fff69540000 - 0x00007fff696c0000 	C:\Windows\System32\gdi32full.dll
0x00007fff5e600000 - 0x00007fff5e87a000 	C:\Windows\WinSxS\amd64_microsoft.windows.common-controls_6595b64144ccf1df_6.0.14393.953_none_42151e83c686086b\COMCTL32.dll
0x00007fff6ccc0000 - 0x00007fff6cf88000 	C:\Windows\System32\combase.dll
0x00007fff696c0000 - 0x00007fff697b5000 	C:\Windows\System32\ucrtbase.dll
0x00007fff6a510000 - 0x00007fff6a57a000 	C:\Windows\System32\bcryptPrimitives.dll
0x00007fff6c4e0000 - 0x00007fff6c50e000 	C:\Windows\System32\IMM32.DLL
0x000000005d8b0000 - 0x000000005d982000 	C:\Program Files\Java\jdk1.8.0_144\jre\bin\msvcr100.dll
0x000000005c180000 - 0x000000005ca1d000 	C:\Program Files\Java\jdk1.8.0_144\jre\bin\server\jvm.dll
0x00007fff6c4d0000 - 0x00007fff6c4d8000 	C:\Windows\System32\PSAPI.DLL
0x00007fff65470000 - 0x00007fff65479000 	C:\Windows\SYSTEM32\WSOCK32.dll
0x00007fff6c9a0000 - 0x00007fff6ca0a000 	C:\Windows\System32\WS2_32.dll
0x00007fff67aa0000 - 0x00007fff67ac3000 	C:\Windows\SYSTEM32\WINMM.dll
0x00007fff60950000 - 0x00007fff6095a000 	C:\Windows\SYSTEM32\VERSION.dll
0x00007fff67a40000 - 0x00007fff67a6b000 	C:\Windows\SYSTEM32\WINMMBASE.dll
0x00007fff694f0000 - 0x00007fff69532000 	C:\Windows\System32\cfgmgr32.dll
0x000000005d8a0000 - 0x000000005d8af000 	C:\Program Files\Java\jdk1.8.0_144\jre\bin\verify.dll
0x000000005d870000 - 0x000000005d899000 	C:\Program Files\Java\jdk1.8.0_144\jre\bin\java.dll
0x000000005d840000 - 0x000000005d863000 	C:\Program Files\Java\jdk1.8.0_144\jre\bin\instrument.dll
0x000000005d820000 - 0x000000005d836000 	C:\Program Files\Java\jdk1.8.0_144\jre\bin\zip.dll
0x00007fff6acc0000 - 0x00007fff6c1c8000 	C:\Windows\System32\SHELL32.dll
0x00007fff69c50000 - 0x00007fff6a32a000 	C:\Windows\System32\windows.storage.dll
0x00007fff69480000 - 0x00007fff694cc000 	C:\Windows\System32\powrprof.dll
0x00007fff6cb50000 - 0x00007fff6cba2000 	C:\Windows\System32\shlwapi.dll
0x00007fff694e0000 - 0x00007fff694ef000 	C:\Windows\System32\kernel.appcore.dll
0x00007fff6a460000 - 0x00007fff6a509000 	C:\Windows\System32\shcore.dll
0x00007fff69460000 - 0x00007fff69474000 	C:\Windows\System32\profapi.dll
0x00007fff66520000 - 0x00007fff6653a000 	C:\Program Files\JetBrains\IntelliJ IDEA Community Edition 2017.2.4\bin\breakgen64.dll
0x000000005d800000 - 0x000000005d81a000 	C:\Program Files\Java\jdk1.8.0_144\jre\bin\net.dll
0x00007fff68d90000 - 0x00007fff68dec000 	C:\Windows\system32\mswsock.dll
0x000000005d7e0000 - 0x000000005d7f1000 	C:\Program Files\Java\jdk1.8.0_144\jre\bin\nio.dll

VM Arguments:
jvm_args: -Dmaven.multiModuleProjectDirectory=C:\Users\ADMIN\IdeaProjects\webdriver -Dmaven.home=C:\Program Files\JetBrains\IntelliJ IDEA Community Edition 2017.2.4\plugins\maven\lib\maven3 -Dclassworlds.conf=C:\Program Files\JetBrains\IntelliJ IDEA Community Edition 2017.2.4\plugins\maven\lib\maven3\bin\m2.conf -javaagent:C:\Program Files\JetBrains\IntelliJ IDEA Community Edition 2017.2.4\lib\idea_rt.jar=60172:C:\Program Files\JetBrains\IntelliJ IDEA Community Edition 2017.2.4\bin -Dfile.encoding=UTF-8 
java_command: org.codehaus.classworlds.Launcher -Didea.version=2017.2.4 install
java_class_path (initial): C:\Program Files\JetBrains\IntelliJ IDEA Community Edition 2017.2.4\plugins\maven\lib\maven3\boot\plexus-classworlds-2.5.2.jar;C:\Program Files\JetBrains\IntelliJ IDEA Community Edition 2017.2.4\lib\idea_rt.jar
Launcher Type: SUN_STANDARD

Environment Variables:
PATH=C:\ProgramData\Oracle\Java\javapath;C:\Windows\system32;C:\Windows;C:\Windows\System32\Wbem;C:\Windows\System32\WindowsPowerShell\v1.0\;C:\Program Files (x86)\Skype\Phone\;C:\Program Files (x86)\NVIDIA Corporation\PhysX\Common;C:\Program Files\Git\cmd;C:\Program Files\OpenVPN\bin;C:\Users\ADMIN\AppData\Local\Microsoft\WindowsApps;
USERNAME=ADMIN
OS=Windows_NT
PROCESSOR_IDENTIFIER=Intel64 Family 6 Model 60 Stepping 3, GenuineIntel



---------------  S Y S T E M  ---------------

OS: Windows 10.0 , 64 bit Build 14393 (10.0.14393.1198)

CPU:total 4 (initial active 4) (2 cores per cpu, 2 threads per core) family 6 model 60 stepping 3, cmov, cx8, fxsr, mmx, sse, sse2, sse3, ssse3, sse4.1, sse4.2, popcnt, avx, avx2, clmul, erms, lzcnt, ht, tsc, tscinvbit

Memory: 4k page, physical 8298776k(1391340k free), swap 8298776k(4488k free)

vm_info: Java HotSpot(TM) 64-Bit Server VM (25.144-b01) for windows-amd64 JRE (1.8.0_144-b01), built on Jul 21 2017 21:57:33 by "java_re" with MS VC++ 10.0 (VS2010)

time: Sun Sep 24 15:45:10 2017
elapsed time: 2 seconds (0d 0h 0m 2s)

