#
# There is insufficient memory for the Java Runtime Environment to continue.
# Native memory allocation (malloc) failed to allocate 925456 bytes for Chunk::new
# Possible reasons:
#   The system is out of physical RAM or swap space
#   In 32 bit mode, the process size limit was hit
# Possible solutions:
#   Reduce memory load on the system
#   Increase physical memory or swap space
#   Check if swap backing store is full
#   Use 64 bit Java on a 64 bit OS
#   Decrease Java heap size (-Xmx/-Xms)
#   Decrease number of Java threads
#   Decrease Java thread stack sizes (-Xss)
#   Set larger code cache with -XX:ReservedCodeCacheSize=
# This output file may be truncated or incomplete.
#
#  Out of Memory Error (allocation.cpp:390), pid=9388, tid=0x0000000000001e2c
#
# JRE version: Java(TM) SE Runtime Environment (8.0_144-b01) (build 1.8.0_144-b01)
# Java VM: Java HotSpot(TM) 64-Bit Server VM (25.144-b01 mixed mode windows-amd64 compressed oops)
# Failed to write core dump. Minidumps are not enabled by default on client versions of Windows
#

---------------  T H R E A D  ---------------

Current thread (0x000000001779c800):  JavaThread "C2 CompilerThread1" daemon [_thread_in_native, id=7724, stack(0x00000000193a0000,0x00000000194a0000)]

Stack: [0x00000000193a0000,0x00000000194a0000]
[error occurred during error reporting (printing stack bounds), id 0xc0000005]

Native frames: (J=compiled Java code, j=interpreted, Vv=VM code, C=native code)


Current CompileTask:
C2:   2750 1739       4       java.net.URLClassLoader$1::run (5 bytes)


---------------  P R O C E S S  ---------------

Java Threads: ( => current thread )
  0x00000000177be000 JavaThread "Service Thread" daemon [_thread_blocked, id=4704, stack(0x00000000195a0000,0x00000000196a0000)]
  0x000000001779e800 JavaThread "C1 CompilerThread2" daemon [_thread_blocked, id=9280, stack(0x00000000194a0000,0x00000000195a0000)]
=>0x000000001779c800 JavaThread "C2 CompilerThread1" daemon [_thread_in_native, id=7724, stack(0x00000000193a0000,0x00000000194a0000)]
  0x0000000017798800 JavaThread "C2 CompilerThread0" daemon [_thread_in_native, id=3516, stack(0x00000000192a0000,0x00000000193a0000)]
  0x0000000018de2800 JavaThread "Monitor Ctrl-Break" daemon [_thread_in_native, id=1564, stack(0x00000000191a0000,0x00000000192a0000)]
  0x0000000017766000 JavaThread "Attach Listener" daemon [_thread_blocked, id=2540, stack(0x0000000018ca0000,0x0000000018da0000)]
  0x0000000017764800 JavaThread "Signal Dispatcher" daemon [_thread_blocked, id=4180, stack(0x0000000018ba0000,0x0000000018ca0000)]
  0x000000001774a800 JavaThread "Finalizer" daemon [_thread_blocked, id=2404, stack(0x00000000189b0000,0x0000000018ab0000)]
  0x0000000017729000 JavaThread "Reference Handler" daemon [_thread_blocked, id=6424, stack(0x00000000188b0000,0x00000000189b0000)]
  0x000000000108d800 JavaThread "main" [_thread_in_native, id=5448, stack(0x0000000002830000,0x0000000002930000)]

Other Threads:
  0x0000000017727800 VMThread [stack: 0x00000000187b0000,0x00000000188b0000] [id=5516]
  0x0000000018e7a800 WatcherThread [stack: 0x00000000196a0000,0x00000000197a0000] [id=5532]

VM state:not at safepoint (normal execution)

VM Mutex/Monitor currently owned by a thread: None

Heap:
 PSYoungGen      total 38400K, used 32969K [0x00000000d5c00000, 0x00000000da700000, 0x0000000100000000)
  eden space 33280K, 83% used [0x00000000d5c00000,0x00000000d7738108,0x00000000d7c80000)
  from space 5120K, 99% used [0x00000000d8180000,0x00000000d867a3e0,0x00000000d8680000)
  to   space 5120K, 0% used [0x00000000d7c80000,0x00000000d7c80000,0x00000000d8180000)
 ParOldGen       total 87552K, used 1677K [0x0000000081400000, 0x0000000086980000, 0x00000000d5c00000)
  object space 87552K, 1% used [0x0000000081400000,0x00000000815a3718,0x0000000086980000)
 Metaspace       used 15022K, capacity 15266K, committed 15616K, reserved 1062912K
  class space    used 1856K, capacity 1941K, committed 2048K, reserved 1048576K

Card table byte_map: [0x0000000011fb0000,0x00000000123b0000] byte_map_base: 0x0000000011ba6000

Marking Bits: (ParMarkBitMap*) 0x000000005c99d850
 Begin Bits: [0x0000000012a60000, 0x0000000014a10000)
 End Bits:   [0x0000000014a10000, 0x00000000169c0000)

Polling page: 0x0000000000f10000

CodeCache: size=245760Kb used=6027Kb max_used=6027Kb free=239732Kb
 bounds [0x0000000002bf0000, 0x00000000031e0000, 0x0000000011bf0000]
 total_blobs=2113 nmethods=1770 adapters=255
 compilation: enabled

Compilation events (10 events):
Event: 2.697 Thread 0x000000001779e800 1771       1       org.eclipse.aether.artifact.DefaultArtifact::getExtension (5 bytes)
Event: 2.697 Thread 0x000000001779e800 nmethod 1771 0x00000000031d5190 code [0x00000000031d52e0, 0x00000000031d53f0]
Event: 2.705 Thread 0x000000001779e800 1772       3       org.codehaus.plexus.util.xml.pull.MXParser::skipS (18 bytes)
Event: 2.705 Thread 0x000000001779e800 nmethod 1772 0x00000000031d5450 code [0x00000000031d55e0, 0x00000000031d59a8]
Event: 2.706 Thread 0x000000001779e800 1773       1       org.apache.maven.model.Model::getBuild (5 bytes)
Event: 2.706 Thread 0x000000001779e800 nmethod 1773 0x00000000031d5ad0 code [0x00000000031d5c20, 0x00000000031d5d30]
Event: 2.707 Thread 0x000000001779e800 1774       3       java.io.WinNTFileSystem::parentOrNull (171 bytes)
Event: 2.708 Thread 0x000000001779e800 nmethod 1774 0x00000000031d5d90 code [0x00000000031d5fc0, 0x00000000031d6e18]
Event: 2.721 Thread 0x000000001779e800 1775       3       java.nio.charset.Charset::atBugLevel (44 bytes)
Event: 2.722 Thread 0x000000001779e800 nmethod 1775 0x00000000031d73d0 code [0x00000000031d7580, 0x00000000031d7b18]

GC Heap History (4 events):
Event: 1.149 GC heap before
{Heap before GC invocations=1 (full 0):
 PSYoungGen      total 38400K, used 33280K [0x00000000d5c00000, 0x00000000d8680000, 0x0000000100000000)
  eden space 33280K, 100% used [0x00000000d5c00000,0x00000000d7c80000,0x00000000d7c80000)
  from space 5120K, 0% used [0x00000000d8180000,0x00000000d8180000,0x00000000d8680000)
  to   space 5120K, 0% used [0x00000000d7c80000,0x00000000d7c80000,0x00000000d8180000)
 ParOldGen       total 87552K, used 0K [0x0000000081400000, 0x0000000086980000, 0x00000000d5c00000)
  object space 87552K, 0% used [0x0000000081400000,0x0000000081400000,0x0000000086980000)
 Metaspace       used 8120K, capacity 8200K, committed 8320K, reserved 1056768K
  class space    used 1014K, capacity 1052K, committed 1152K, reserved 1048576K
Event: 1.159 GC heap after
Heap after GC invocations=1 (full 0):
 PSYoungGen      total 38400K, used 4679K [0x00000000d5c00000, 0x00000000d8680000, 0x0000000100000000)
  eden space 33280K, 0% used [0x00000000d5c00000,0x00000000d5c00000,0x00000000d7c80000)
  from space 5120K, 91% used [0x00000000d7c80000,0x00000000d8111e28,0x00000000d8180000)
  to   space 5120K, 0% used [0x00000000d8180000,0x00000000d8180000,0x00000000d8680000)
 ParOldGen       total 87552K, used 8K [0x0000000081400000, 0x0000000086980000, 0x00000000d5c00000)
  object space 87552K, 0% used [0x0000000081400000,0x0000000081402000,0x0000000086980000)
 Metaspace       used 8120K, capacity 8200K, committed 8320K, reserved 1056768K
  class space    used 1014K, capacity 1052K, committed 1152K, reserved 1048576K
}
Event: 1.664 GC heap before
{Heap before GC invocations=2 (full 0):
 PSYoungGen      total 38400K, used 37959K [0x00000000d5c00000, 0x00000000d8680000, 0x0000000100000000)
  eden space 33280K, 100% used [0x00000000d5c00000,0x00000000d7c80000,0x00000000d7c80000)
  from space 5120K, 91% used [0x00000000d7c80000,0x00000000d8111e28,0x00000000d8180000)
  to   space 5120K, 0% used [0x00000000d8180000,0x00000000d8180000,0x00000000d8680000)
 ParOldGen       total 87552K, used 8K [0x0000000081400000, 0x0000000086980000, 0x00000000d5c00000)
  object space 87552K, 0% used [0x0000000081400000,0x0000000081402000,0x0000000086980000)
 Metaspace       used 11704K, capacity 11956K, committed 12160K, reserved 1060864K
  class space    used 1469K, capacity 1576K, committed 1664K, reserved 1048576K
Event: 1.673 GC heap after
Heap after GC invocations=2 (full 0):
 PSYoungGen      total 38400K, used 5096K [0x00000000d5c00000, 0x00000000da700000, 0x0000000100000000)
  eden space 33280K, 0% used [0x00000000d5c00000,0x00000000d5c00000,0x00000000d7c80000)
  from space 5120K, 99% used [0x00000000d8180000,0x00000000d867a3e0,0x00000000d8680000)
  to   space 5120K, 0% used [0x00000000d7c80000,0x00000000d7c80000,0x00000000d8180000)
 ParOldGen       total 87552K, used 1677K [0x0000000081400000, 0x0000000086980000, 0x00000000d5c00000)
  object space 87552K, 1% used [0x0000000081400000,0x00000000815a3718,0x0000000086980000)
 Metaspace       used 11704K, capacity 11956K, committed 12160K, reserved 1060864K
  class space    used 1469K, capacity 1576K, committed 1664K, reserved 1048576K
}

Deoptimization events (10 events):
Event: 1.864 Thread 0x000000000108d800 Uncommon trap: reason=class_check action=maybe_recompile pc=0x0000000002f3b3a4 method=java.util.HashMap.putVal(ILjava/lang/Object;Ljava/lang/Object;ZZ)Ljava/lang/Object; @ 203
Event: 2.054 Thread 0x000000000108d800 Uncommon trap: reason=null_check action=make_not_entrant pc=0x0000000002dabf9c method=java.lang.String.equals(Ljava/lang/Object;)Z @ 8
Event: 2.234 Thread 0x000000000108d800 Uncommon trap: reason=unstable_if action=reinterpret pc=0x0000000002de2814 method=java.lang.String.replace(CC)Ljava/lang/String; @ 2
Event: 2.420 Thread 0x000000000108d800 Uncommon trap: reason=unstable_if action=reinterpret pc=0x0000000002e61948 method=sun.nio.cs.UTF_8$Decoder.decode([BII[C)I @ 30
Event: 2.420 Thread 0x000000000108d800 Uncommon trap: reason=unstable_if action=reinterpret pc=0x0000000002e69e08 method=sun.nio.cs.UTF_8$Decoder.decodeArrayLoop(Ljava/nio/ByteBuffer;Ljava/nio/CharBuffer;)Ljava/nio/charset/CoderResult; @ 84
Event: 2.505 Thread 0x000000000108d800 Uncommon trap: reason=unstable_if action=reinterpret pc=0x00000000031470d0 method=org.codehaus.plexus.util.xml.pull.MXParser.nextImpl()I @ 1161
Event: 2.524 Thread 0x000000000108d800 Uncommon trap: reason=unstable_if action=reinterpret pc=0x0000000002f948fc method=java.util.HashMap.hash(Ljava/lang/Object;)I @ 1
Event: 2.524 Thread 0x000000000108d800 Uncommon trap: reason=unstable_if action=reinterpret pc=0x0000000002ed8f28 method=java.util.HashMap.hash(Ljava/lang/Object;)I @ 1
Event: 2.554 Thread 0x000000000108d800 Uncommon trap: reason=unstable_if action=reinterpret pc=0x0000000003185d00 method=org.codehaus.plexus.util.xml.pull.MXParser.nextImpl()I @ 310
Event: 2.587 Thread 0x000000000108d800 Uncommon trap: reason=null_check action=make_not_entrant pc=0x000000000318eacc method=org.apache.maven.model.io.xpp3.MavenXpp3Reader.checkFieldWithDuplicate(Lorg/codehaus/plexus/util/xml/pull/XmlPullParser;Ljava/lang/String;Ljava/lang/String;Ljava/util/Se

Internal exceptions (10 events):
Event: 1.009 Thread 0x000000000108d800 Exception <a 'java/lang/ArrayIndexOutOfBoundsException': 23> (0x00000000d724b6b0) thrown at [C:\re\workspace\8-2-build-windows-amd64-cygwin\jdk8u144\9417\hotspot\src\share\vm\interpreter\interpreterRuntime.cpp, line 366]
Event: 1.009 Thread 0x000000000108d800 Exception <a 'java/lang/ArrayIndexOutOfBoundsException': 24> (0x00000000d724c430) thrown at [C:\re\workspace\8-2-build-windows-amd64-cygwin\jdk8u144\9417\hotspot\src\share\vm\interpreter\interpreterRuntime.cpp, line 366]
Event: 1.010 Thread 0x000000000108d800 Exception <a 'java/lang/ArrayIndexOutOfBoundsException': 86> (0x00000000d724e170) thrown at [C:\re\workspace\8-2-build-windows-amd64-cygwin\jdk8u144\9417\hotspot\src\share\vm\interpreter\interpreterRuntime.cpp, line 366]
Event: 1.856 Thread 0x000000000108d800 Exception <a 'java/lang/NoClassDefFoundError': com/google/inject/servlet/ServletModuleTargetVisitor> (0x00000000d645ee70) thrown at [C:\re\workspace\8-2-build-windows-amd64-cygwin\jdk8u144\9417\hotspot\src\share\vm\classfile\systemDictionary.cpp, line 199
Event: 1.856 Thread 0x000000000108d800 Exception <a 'java/lang/NoClassDefFoundError'> (0x00000000d645ee70) thrown at [C:\re\workspace\8-2-build-windows-amd64-cygwin\jdk8u144\9417\hotspot\src\share\vm\prims\jvm.cpp, line 1394]
Event: 1.856 Thread 0x000000000108d800 Exception <a 'java/lang/NoClassDefFoundError': javax/annotation/Priority> (0x00000000d6463e78) thrown at [C:\re\workspace\8-2-build-windows-amd64-cygwin\jdk8u144\9417\hotspot\src\share\vm\classfile\systemDictionary.cpp, line 199]
Event: 2.054 Thread 0x000000000108d800 Implicit null exception at 0x0000000002dabddb to 0x0000000002dabf8d
Event: 2.524 Thread 0x000000000108d800 Implicit null exception at 0x0000000002f94715 to 0x0000000002f948ed
Event: 2.524 Thread 0x000000000108d800 Implicit null exception at 0x0000000002ed8eaf to 0x0000000002ed8f19
Event: 2.587 Thread 0x000000000108d800 Implicit null exception at 0x000000000318e80a to 0x000000000318eab1

Events (10 events):
Event: 2.641 loading class org/eclipse/aether/internal/impl/DataPool$GoodDescriptor
Event: 2.641 loading class org/eclipse/aether/internal/impl/DataPool$GoodDescriptor done
Event: 2.642 loading class org/eclipse/aether/internal/impl/DataPool$Descriptor
Event: 2.642 loading class org/eclipse/aether/internal/impl/DataPool$Descriptor done
Event: 2.642 loading class org/eclipse/aether/internal/impl/DataPool$GraphKey
Event: 2.642 loading class org/eclipse/aether/internal/impl/DataPool$GraphKey done
Event: 2.677 Thread 0x000000000108d800 DEOPT PACKING pc=0x000000000314cbda sp=0x000000000292c4c0
Event: 2.677 Thread 0x000000000108d800 DEOPT UNPACKING pc=0x0000000002c3787f sp=0x000000000292c340 mode 0
Event: 2.721 Thread 0x000000000108d800 DEOPT PACKING pc=0x000000000314cbda sp=0x000000000292c000
Event: 2.721 Thread 0x000000000108d800 DEOPT UNPACKING pc=0x0000000002c3787f sp=0x000000000292be80 mode 0


Dynamic libraries:
0x00007ff7ad9b0000 - 0x00007ff7ad9e7000 	C:\Program Files\Java\jdk1.8.0_144\bin\java.exe
0x00007fff6cff0000 - 0x00007fff6d1c2000 	C:\Windows\SYSTEM32\ntdll.dll
0x00007fff6ac10000 - 0x00007fff6acbc000 	C:\Windows\System32\KERNEL32.DLL
0x00007fff4ce30000 - 0x00007fff4ce63000 	C:\Program Files\AVAST Software\Avast\x64\aswhooka.dll
0x00007fff69a30000 - 0x00007fff69c4d000 	C:\Windows\System32\KERNELBASE.dll
0x00007fff6c520000 - 0x00007fff6c5c2000 	C:\Windows\System32\ADVAPI32.dll
0x00007fff6cbc0000 - 0x00007fff6cc5e000 	C:\Windows\System32\msvcrt.dll
0x00007fff6cc60000 - 0x00007fff6ccb9000 	C:\Windows\System32\sechost.dll
0x00007fff6c1d0000 - 0x00007fff6c2f1000 	C:\Windows\System32\RPCRT4.dll
0x00007fff6c770000 - 0x00007fff6c8d5000 	C:\Windows\System32\USER32.dll
0x00007fff6a440000 - 0x00007fff6a45e000 	C:\Windows\System32\win32u.dll
0x00007fff6abd0000 - 0x00007fff6ac04000 	C:\Windows\System32\GDI32.dll
0x00007fff69540000 - 0x00007fff696c0000 	C:\Windows\System32\gdi32full.dll
0x00007fff5e600000 - 0x00007fff5e87a000 	C:\Windows\WinSxS\amd64_microsoft.windows.common-controls_6595b64144ccf1df_6.0.14393.953_none_42151e83c686086b\COMCTL32.dll
0x00007fff6ccc0000 - 0x00007fff6cf88000 	C:\Windows\System32\combase.dll
0x00007fff696c0000 - 0x00007fff697b5000 	C:\Windows\System32\ucrtbase.dll
0x00007fff6a510000 - 0x00007fff6a57a000 	C:\Windows\System32\bcryptPrimitives.dll
0x00007fff6c4e0000 - 0x00007fff6c50e000 	C:\Windows\System32\IMM32.DLL
0x000000005d8b0000 - 0x000000005d982000 	C:\Program Files\Java\jdk1.8.0_144\jre\bin\msvcr100.dll
0x000000005c180000 - 0x000000005ca1d000 	C:\Program Files\Java\jdk1.8.0_144\jre\bin\server\jvm.dll
0x00007fff6c4d0000 - 0x00007fff6c4d8000 	C:\Windows\System32\PSAPI.DLL
0x00007fff65470000 - 0x00007fff65479000 	C:\Windows\SYSTEM32\WSOCK32.dll
0x00007fff6c9a0000 - 0x00007fff6ca0a000 	C:\Windows\System32\WS2_32.dll
0x00007fff67aa0000 - 0x00007fff67ac3000 	C:\Windows\SYSTEM32\WINMM.dll
0x00007fff60950000 - 0x00007fff6095a000 	C:\Windows\SYSTEM32\VERSION.dll
0x00007fff67a40000 - 0x00007fff67a6b000 	C:\Windows\SYSTEM32\WINMMBASE.dll
0x00007fff694f0000 - 0x00007fff69532000 	C:\Windows\System32\cfgmgr32.dll
0x000000005d8a0000 - 0x000000005d8af000 	C:\Program Files\Java\jdk1.8.0_144\jre\bin\verify.dll
0x000000005d870000 - 0x000000005d899000 	C:\Program Files\Java\jdk1.8.0_144\jre\bin\java.dll
0x000000005d840000 - 0x000000005d863000 	C:\Program Files\Java\jdk1.8.0_144\jre\bin\instrument.dll
0x000000005d820000 - 0x000000005d836000 	C:\Program Files\Java\jdk1.8.0_144\jre\bin\zip.dll
0x00007fff6acc0000 - 0x00007fff6c1c8000 	C:\Windows\System32\SHELL32.dll
0x00007fff69c50000 - 0x00007fff6a32a000 	C:\Windows\System32\windows.storage.dll
0x00007fff69480000 - 0x00007fff694cc000 	C:\Windows\System32\powrprof.dll
0x00007fff6cb50000 - 0x00007fff6cba2000 	C:\Windows\System32\shlwapi.dll
0x00007fff694e0000 - 0x00007fff694ef000 	C:\Windows\System32\kernel.appcore.dll
0x00007fff6a460000 - 0x00007fff6a509000 	C:\Windows\System32\shcore.dll
0x00007fff69460000 - 0x00007fff69474000 	C:\Windows\System32\profapi.dll
0x00007fff66520000 - 0x00007fff6653a000 	C:\Program Files\JetBrains\IntelliJ IDEA Community Edition 2017.2.4\bin\breakgen64.dll
0x000000005d800000 - 0x000000005d81a000 	C:\Program Files\Java\jdk1.8.0_144\jre\bin\net.dll
0x00007fff68d90000 - 0x00007fff68dec000 	C:\Windows\system32\mswsock.dll
0x000000005d7e0000 - 0x000000005d7f1000 	C:\Program Files\Java\jdk1.8.0_144\jre\bin\nio.dll

VM Arguments:
jvm_args: -Dmaven.multiModuleProjectDirectory=C:\Users\ADMIN\IdeaProjects\webdriver -Dmaven.home=C:\Program Files\JetBrains\IntelliJ IDEA Community Edition 2017.2.4\plugins\maven\lib\maven3 -Dclassworlds.conf=C:\Program Files\JetBrains\IntelliJ IDEA Community Edition 2017.2.4\plugins\maven\lib\maven3\bin\m2.conf -javaagent:C:\Program Files\JetBrains\IntelliJ IDEA Community Edition 2017.2.4\lib\idea_rt.jar=60183:C:\Program Files\JetBrains\IntelliJ IDEA Community Edition 2017.2.4\bin -Dfile.encoding=UTF-8 
java_command: org.codehaus.classworlds.Launcher -Didea.version=2017.2.4 compile
java_class_path (initial): C:\Program Files\JetBrains\IntelliJ IDEA Community Edition 2017.2.4\plugins\maven\lib\maven3\boot\plexus-classworlds-2.5.2.jar;C:\Program Files\JetBrains\IntelliJ IDEA Community Edition 2017.2.4\lib\idea_rt.jar
Launcher Type: SUN_STANDARD

Environment Variables:
PATH=C:\ProgramData\Oracle\Java\javapath;C:\Windows\system32;C:\Windows;C:\Windows\System32\Wbem;C:\Windows\System32\WindowsPowerShell\v1.0\;C:\Program Files (x86)\Skype\Phone\;C:\Program Files (x86)\NVIDIA Corporation\PhysX\Common;C:\Program Files\Git\cmd;C:\Program Files\OpenVPN\bin;C:\Users\ADMIN\AppData\Local\Microsoft\WindowsApps;
USERNAME=ADMIN
OS=Windows_NT
PROCESSOR_IDENTIFIER=Intel64 Family 6 Model 60 Stepping 3, GenuineIntel



---------------  S Y S T E M  ---------------

OS: Windows 10.0 , 64 bit Build 14393 (10.0.14393.1198)

CPU:total 4 (initial active 4) (2 cores per cpu, 2 threads per core) family 6 model 60 stepping 3, cmov, cx8, fxsr, mmx, sse, sse2, sse3, ssse3, sse4.1, sse4.2, popcnt, avx, avx2, clmul, erms, lzcnt, ht, tsc, tscinvbit

Memory: 4k page, physical 8298776k(1376420k free), swap 8298776k(5220k free)

vm_info: Java HotSpot(TM) 64-Bit Server VM (25.144-b01) for windows-amd64 JRE (1.8.0_144-b01), built on Jul 21 2017 21:57:33 by "java_re" with MS VC++ 10.0 (VS2010)

time: Sun Sep 24 15:45:57 2017
elapsed time: 2 seconds (0d 0h 0m 2s)

