#
# There is insufficient memory for the Java Runtime Environment to continue.
# Native memory allocation (malloc) failed to allocate 2278416 bytes for Chunk::new
# Possible reasons:
#   The system is out of physical RAM or swap space
#   In 32 bit mode, the process size limit was hit
# Possible solutions:
#   Reduce memory load on the system
#   Increase physical memory or swap space
#   Check if swap backing store is full
#   Use 64 bit Java on a 64 bit OS
#   Decrease Java heap size (-Xmx/-Xms)
#   Decrease number of Java threads
#   Decrease Java thread stack sizes (-Xss)
#   Set larger code cache with -XX:ReservedCodeCacheSize=
# This output file may be truncated or incomplete.
#
#  Out of Memory Error (allocation.cpp:390), pid=9916, tid=0x000000000000129c
#
# JRE version: Java(TM) SE Runtime Environment (8.0_144-b01) (build 1.8.0_144-b01)
# Java VM: Java HotSpot(TM) 64-Bit Server VM (25.144-b01 mixed mode windows-amd64 compressed oops)
# Failed to write core dump. Minidumps are not enabled by default on client versions of Windows
#

---------------  T H R E A D  ---------------

Current thread (0x0000000017b18800):  JavaThread "C2 CompilerThread0" daemon [_thread_in_native, id=4764, stack(0x0000000019620000,0x0000000019720000)]

Stack: [0x0000000019620000,0x0000000019720000]
[error occurred during error reporting (printing stack bounds), id 0xc0000005]

Native frames: (J=compiled Java code, j=interpreted, Vv=VM code, C=native code)


Current CompileTask:
C2:   3074 1826       4       java.net.URLClassLoader$1::run (5 bytes)


---------------  P R O C E S S  ---------------

Java Threads: ( => current thread )
  0x0000000017b3d800 JavaThread "Service Thread" daemon [_thread_blocked, id=5364, stack(0x0000000019920000,0x0000000019a20000)]
  0x0000000017b1e000 JavaThread "C1 CompilerThread2" daemon [_thread_blocked, id=7776, stack(0x0000000019820000,0x0000000019920000)]
  0x0000000017b1c800 JavaThread "C2 CompilerThread1" daemon [_thread_in_native, id=4960, stack(0x0000000019720000,0x0000000019820000)]
=>0x0000000017b18800 JavaThread "C2 CompilerThread0" daemon [_thread_in_native, id=4764, stack(0x0000000019620000,0x0000000019720000)]
  0x0000000019162800 JavaThread "Monitor Ctrl-Break" daemon [_thread_in_native, id=8980, stack(0x0000000019520000,0x0000000019620000)]
  0x0000000017ae6000 JavaThread "Attach Listener" daemon [_thread_blocked, id=5208, stack(0x0000000019020000,0x0000000019120000)]
  0x0000000017ae4800 JavaThread "Signal Dispatcher" daemon [_thread_blocked, id=1560, stack(0x0000000018f20000,0x0000000019020000)]
  0x0000000017aca800 JavaThread "Finalizer" daemon [_thread_blocked, id=7260, stack(0x0000000018d30000,0x0000000018e30000)]
  0x0000000017aa9000 JavaThread "Reference Handler" daemon [_thread_blocked, id=1288, stack(0x0000000018c30000,0x0000000018d30000)]
  0x0000000002c1d800 JavaThread "main" [_thread_in_native, id=6192, stack(0x0000000002c70000,0x0000000002d70000)]

Other Threads:
  0x0000000017aa7800 VMThread [stack: 0x0000000018b30000,0x0000000018c30000] [id=5460]
  0x00000000191eb000 WatcherThread [stack: 0x0000000019a20000,0x0000000019b20000] [id=9124]

VM state:not at safepoint (normal execution)

VM Mutex/Monitor currently owned by a thread: None

Heap:
 PSYoungGen      total 38400K, used 9199K [0x00000000d5c00000, 0x00000000d8680000, 0x0000000100000000)
  eden space 33280K, 12% used [0x00000000d5c00000,0x00000000d5ffbfa8,0x00000000d7c80000)
  from space 5120K, 100% used [0x00000000d7c80000,0x00000000d8180000,0x00000000d8180000)
  to   space 5120K, 0% used [0x00000000d8180000,0x00000000d8180000,0x00000000d8680000)
 ParOldGen       total 87552K, used 3709K [0x0000000081400000, 0x0000000086980000, 0x00000000d5c00000)
  object space 87552K, 4% used [0x0000000081400000,0x000000008179f770,0x0000000086980000)
 Metaspace       used 15118K, capacity 15342K, committed 15616K, reserved 1062912K
  class space    used 1858K, capacity 1943K, committed 2048K, reserved 1048576K

Card table byte_map: [0x0000000012330000,0x0000000012730000] byte_map_base: 0x0000000011f26000

Marking Bits: (ParMarkBitMap*) 0x000000005c99d850
 Begin Bits: [0x0000000012de0000, 0x0000000014d90000)
 End Bits:   [0x0000000014d90000, 0x0000000016d40000)

Polling page: 0x00000000013f0000

CodeCache: size=245760Kb used=6543Kb max_used=6543Kb free=239216Kb
 bounds [0x0000000002f70000, 0x00000000035e0000, 0x0000000011f70000]
 total_blobs=2273 nmethods=1930 adapters=255
 compilation: enabled

Compilation events (10 events):
Event: 2.999 Thread 0x0000000017b1e000 1932       1       org.eclipse.aether.DefaultRepositorySystemSession::getWorkspaceReader (5 bytes)
Event: 2.999 Thread 0x0000000017b1e000 nmethod 1932 0x00000000035d5590 code [0x00000000035d56e0, 0x00000000035d57f0]
Event: 2.999 Thread 0x0000000017b1e000 1922       1       org.apache.maven.model.Activation::getProperty (5 bytes)
Event: 2.999 Thread 0x0000000017b1e000 nmethod 1922 0x00000000035d5850 code [0x00000000035d59a0, 0x00000000035d5ab0]
Event: 3.051 Thread 0x0000000017b1e000 1933       3       org.codehaus.plexus.util.xml.pull.MXParser::joinPC (69 bytes)
Event: 3.052 Thread 0x0000000017b1e000 nmethod 1933 0x00000000035d5b10 code [0x00000000035d5c80, 0x00000000035d5f78]
Event: 3.052 Thread 0x0000000017b1e000 1934       1       org.eclipse.aether.DefaultRepositorySystemSession::getLocalRepositoryManager (5 bytes)
Event: 3.052 Thread 0x0000000017b1e000 nmethod 1934 0x00000000035d6090 code [0x00000000035d61e0, 0x00000000035d62f0]
Event: 3.065 Thread 0x0000000017b1e000 1935       3       java.util.regex.Pattern$GroupTail::match (111 bytes)
Event: 3.065 Thread 0x0000000017b1e000 nmethod 1935 0x00000000035d6350 code [0x00000000035d64e0, 0x00000000035d68a8]

GC Heap History (6 events):
Event: 0.966 GC heap before
{Heap before GC invocations=1 (full 0):
 PSYoungGen      total 38400K, used 33280K [0x00000000d5c00000, 0x00000000d8680000, 0x0000000100000000)
  eden space 33280K, 100% used [0x00000000d5c00000,0x00000000d7c80000,0x00000000d7c80000)
  from space 5120K, 0% used [0x00000000d8180000,0x00000000d8180000,0x00000000d8680000)
  to   space 5120K, 0% used [0x00000000d7c80000,0x00000000d7c80000,0x00000000d8180000)
 ParOldGen       total 87552K, used 0K [0x0000000081400000, 0x0000000086980000, 0x00000000d5c00000)
  object space 87552K, 0% used [0x0000000081400000,0x0000000081400000,0x0000000086980000)
 Metaspace       used 8110K, capacity 8200K, committed 8320K, reserved 1056768K
  class space    used 1008K, capacity 1052K, committed 1152K, reserved 1048576K
Event: 0.973 GC heap after
Heap after GC invocations=1 (full 0):
 PSYoungGen      total 38400K, used 4610K [0x00000000d5c00000, 0x00000000d8680000, 0x0000000100000000)
  eden space 33280K, 0% used [0x00000000d5c00000,0x00000000d5c00000,0x00000000d7c80000)
  from space 5120K, 90% used [0x00000000d7c80000,0x00000000d8100b98,0x00000000d8180000)
  to   space 5120K, 0% used [0x00000000d8180000,0x00000000d8180000,0x00000000d8680000)
 ParOldGen       total 87552K, used 8K [0x0000000081400000, 0x0000000086980000, 0x00000000d5c00000)
  object space 87552K, 0% used [0x0000000081400000,0x0000000081402000,0x0000000086980000)
 Metaspace       used 8110K, capacity 8200K, committed 8320K, reserved 1056768K
  class space    used 1008K, capacity 1052K, committed 1152K, reserved 1048576K
}
Event: 1.433 GC heap before
{Heap before GC invocations=2 (full 0):
 PSYoungGen      total 38400K, used 37890K [0x00000000d5c00000, 0x00000000d8680000, 0x0000000100000000)
  eden space 33280K, 100% used [0x00000000d5c00000,0x00000000d7c80000,0x00000000d7c80000)
  from space 5120K, 90% used [0x00000000d7c80000,0x00000000d8100b98,0x00000000d8180000)
  to   space 5120K, 0% used [0x00000000d8180000,0x00000000d8180000,0x00000000d8680000)
 ParOldGen       total 87552K, used 8K [0x0000000081400000, 0x0000000086980000, 0x00000000d5c00000)
  object space 87552K, 0% used [0x0000000081400000,0x0000000081402000,0x0000000086980000)
 Metaspace       used 11459K, capacity 11726K, committed 11904K, reserved 1058816K
  class space    used 1437K, capacity 1543K, committed 1664K, reserved 1048576K
Event: 1.440 GC heap after
Heap after GC invocations=2 (full 0):
 PSYoungGen      total 38400K, used 5093K [0x00000000d5c00000, 0x00000000da700000, 0x0000000100000000)
  eden space 33280K, 0% used [0x00000000d5c00000,0x00000000d5c00000,0x00000000d7c80000)
  from space 5120K, 99% used [0x00000000d8180000,0x00000000d86795f0,0x00000000d8680000)
  to   space 5120K, 0% used [0x00000000d7c80000,0x00000000d7c80000,0x00000000d8180000)
 ParOldGen       total 87552K, used 1344K [0x0000000081400000, 0x0000000086980000, 0x00000000d5c00000)
  object space 87552K, 1% used [0x0000000081400000,0x00000000815503c0,0x0000000086980000)
 Metaspace       used 11459K, capacity 11726K, committed 11904K, reserved 1058816K
  class space    used 1437K, capacity 1543K, committed 1664K, reserved 1048576K
}
Event: 2.579 GC heap before
{Heap before GC invocations=3 (full 0):
 PSYoungGen      total 38400K, used 38373K [0x00000000d5c00000, 0x00000000da700000, 0x0000000100000000)
  eden space 33280K, 100% used [0x00000000d5c00000,0x00000000d7c80000,0x00000000d7c80000)
  from space 5120K, 99% used [0x00000000d8180000,0x00000000d86795f0,0x00000000d8680000)
  to   space 5120K, 0% used [0x00000000d7c80000,0x00000000d7c80000,0x00000000d8180000)
 ParOldGen       total 87552K, used 1344K [0x0000000081400000, 0x0000000086980000, 0x00000000d5c00000)
  object space 87552K, 1% used [0x0000000081400000,0x00000000815503c0,0x0000000086980000)
 Metaspace       used 15051K, capacity 15336K, committed 15616K, reserved 1062912K
  class space    used 1856K, capacity 1942K, committed 2048K, reserved 1048576K
Event: 2.590 GC heap after
Heap after GC invocations=3 (full 0):
 PSYoungGen      total 38400K, used 5120K [0x00000000d5c00000, 0x00000000d8680000, 0x0000000100000000)
  eden space 33280K, 0% used [0x00000000d5c00000,0x00000000d5c00000,0x00000000d7c80000)
  from space 5120K, 100% used [0x00000000d7c80000,0x00000000d8180000,0x00000000d8180000)
  to   space 5120K, 0% used [0x00000000d8180000,0x00000000d8180000,0x00000000d8680000)
 ParOldGen       total 87552K, used 3709K [0x0000000081400000, 0x0000000086980000, 0x00000000d5c00000)
  object space 87552K, 4% used [0x0000000081400000,0x000000008179f770,0x0000000086980000)
 Metaspace       used 15051K, capacity 15336K, committed 15616K, reserved 1062912K
  class space    used 1856K, capacity 1942K, committed 2048K, reserved 1048576K
}

Deoptimization events (10 events):
Event: 2.733 Thread 0x0000000002c1d800 Uncommon trap: reason=unstable_if action=reinterpret pc=0x0000000003504c20 method=java.lang.String.trim()Ljava/lang/String; @ 63
Event: 2.772 Thread 0x0000000002c1d800 Uncommon trap: reason=unstable_if action=reinterpret pc=0x00000000034ffcb4 method=org.codehaus.plexus.util.xml.pull.MXParser.nextImpl()I @ 972
Event: 2.801 Thread 0x0000000002c1d800 Uncommon trap: reason=speculate_class_check action=maybe_recompile pc=0x00000000035643dc method=java.nio.charset.CharsetDecoder.decode(Ljava/nio/ByteBuffer;Ljava/nio/CharBuffer;Z)Ljava/nio/charset/CoderResult; @ 57
Event: 2.830 Thread 0x0000000002c1d800 Uncommon trap: reason=class_check action=maybe_recompile pc=0x0000000003201750 method=java.nio.charset.CharsetDecoder.decode(Ljava/nio/ByteBuffer;Ljava/nio/CharBuffer;Z)Ljava/nio/charset/CoderResult; @ 57
Event: 2.831 Thread 0x0000000002c1d800 Uncommon trap: reason=speculate_class_check action=maybe_recompile pc=0x00000000035643dc method=java.nio.charset.CharsetDecoder.decode(Ljava/nio/ByteBuffer;Ljava/nio/CharBuffer;Z)Ljava/nio/charset/CoderResult; @ 57
Event: 2.831 Thread 0x0000000002c1d800 Uncommon trap: reason=class_check action=maybe_recompile pc=0x0000000003201750 method=java.nio.charset.CharsetDecoder.decode(Ljava/nio/ByteBuffer;Ljava/nio/CharBuffer;Z)Ljava/nio/charset/CoderResult; @ 57
Event: 2.832 Thread 0x0000000002c1d800 Uncommon trap: reason=speculate_class_check action=maybe_recompile pc=0x00000000035643dc method=java.nio.charset.CharsetDecoder.decode(Ljava/nio/ByteBuffer;Ljava/nio/CharBuffer;Z)Ljava/nio/charset/CoderResult; @ 57
Event: 2.832 Thread 0x0000000002c1d800 Uncommon trap: reason=class_check action=maybe_recompile pc=0x0000000003201750 method=java.nio.charset.CharsetDecoder.decode(Ljava/nio/ByteBuffer;Ljava/nio/CharBuffer;Z)Ljava/nio/charset/CoderResult; @ 57
Event: 2.833 Thread 0x0000000002c1d800 Uncommon trap: reason=speculate_class_check action=maybe_recompile pc=0x00000000035643dc method=java.nio.charset.CharsetDecoder.decode(Ljava/nio/ByteBuffer;Ljava/nio/CharBuffer;Z)Ljava/nio/charset/CoderResult; @ 57
Event: 2.833 Thread 0x0000000002c1d800 Uncommon trap: reason=class_check action=maybe_recompile pc=0x0000000003201750 method=java.nio.charset.CharsetDecoder.decode(Ljava/nio/ByteBuffer;Ljava/nio/CharBuffer;Z)Ljava/nio/charset/CoderResult; @ 57

Internal exceptions (10 events):
Event: 0.847 Thread 0x0000000002c1d800 Exception <a 'java/lang/ArrayIndexOutOfBoundsException': 86> (0x00000000d7254b38) thrown at [C:\re\workspace\8-2-build-windows-amd64-cygwin\jdk8u144\9417\hotspot\src\share\vm\interpreter\interpreterRuntime.cpp, line 366]
Event: 1.015 Thread 0x0000000002c1d800 Exception <a 'java/lang/ArrayIndexOutOfBoundsException': 73> (0x00000000d5ecbff8) thrown at [C:\re\workspace\8-2-build-windows-amd64-cygwin\jdk8u144\9417\hotspot\src\share\vm\interpreter\interpreterRuntime.cpp, line 366]
Event: 1.015 Thread 0x0000000002c1d800 Exception <a 'java/lang/ArrayIndexOutOfBoundsException': 131> (0x00000000d5ecd9a0) thrown at [C:\re\workspace\8-2-build-windows-amd64-cygwin\jdk8u144\9417\hotspot\src\share\vm\interpreter\interpreterRuntime.cpp, line 366]
Event: 1.635 Thread 0x0000000002c1d800 Exception <a 'java/lang/NoClassDefFoundError': com/google/inject/servlet/ServletModuleTargetVisitor> (0x00000000d6601088) thrown at [C:\re\workspace\8-2-build-windows-amd64-cygwin\jdk8u144\9417\hotspot\src\share\vm\classfile\systemDictionary.cpp, line 199
Event: 1.635 Thread 0x0000000002c1d800 Exception <a 'java/lang/NoClassDefFoundError'> (0x00000000d6601088) thrown at [C:\re\workspace\8-2-build-windows-amd64-cygwin\jdk8u144\9417\hotspot\src\share\vm\prims\jvm.cpp, line 1394]
Event: 1.635 Thread 0x0000000002c1d800 Exception <a 'java/lang/NoClassDefFoundError': javax/annotation/Priority> (0x00000000d6606090) thrown at [C:\re\workspace\8-2-build-windows-amd64-cygwin\jdk8u144\9417\hotspot\src\share\vm\classfile\systemDictionary.cpp, line 199]
Event: 1.790 Thread 0x0000000002c1d800 Implicit null exception at 0x000000000312c85b to 0x000000000312ca0d
Event: 2.175 Thread 0x0000000002c1d800 Implicit null exception at 0x0000000003323915 to 0x0000000003323aed
Event: 2.175 Thread 0x0000000002c1d800 Implicit null exception at 0x00000000033b1c6f to 0x00000000033b1cd9
Event: 2.252 Thread 0x0000000002c1d800 Implicit null exception at 0x000000000350d08a to 0x000000000350d331

Events (10 events):
Event: 2.832 Thread 0x0000000002c1d800 DEOPT PACKING pc=0x0000000003201750 sp=0x0000000002d6c250
Event: 2.832 Thread 0x0000000002c1d800 DEOPT UNPACKING pc=0x0000000002fb582a sp=0x0000000002d6c200 mode 2
Event: 2.833 Thread 0x0000000002c1d800 Uncommon trap: trap_request=0xffffff76 fr.pc=0x00000000035643dc
Event: 2.833 Thread 0x0000000002c1d800 DEOPT PACKING pc=0x00000000035643dc sp=0x0000000002d6c360
Event: 2.833 Thread 0x0000000002c1d800 DEOPT UNPACKING pc=0x0000000002fb582a sp=0x0000000002d6c1d8 mode 2
Event: 2.833 Thread 0x0000000002c1d800 Uncommon trap: trap_request=0xffffffde fr.pc=0x0000000003201750
Event: 2.833 Thread 0x0000000002c1d800 DEOPT PACKING pc=0x0000000003201750 sp=0x0000000002d6c220
Event: 2.833 Thread 0x0000000002c1d800 DEOPT UNPACKING pc=0x0000000002fb582a sp=0x0000000002d6c1d0 mode 2
Event: 2.996 loading class java/util/AbstractMap$SimpleImmutableEntry
Event: 2.996 loading class java/util/AbstractMap$SimpleImmutableEntry done


Dynamic libraries:
0x00007ff7ad9b0000 - 0x00007ff7ad9e7000 	C:\Program Files\Java\jdk1.8.0_144\bin\java.exe
0x00007fff6cff0000 - 0x00007fff6d1c2000 	C:\Windows\SYSTEM32\ntdll.dll
0x00007fff6ac10000 - 0x00007fff6acbc000 	C:\Windows\System32\KERNEL32.DLL
0x00007fff4ce30000 - 0x00007fff4ce63000 	C:\Program Files\AVAST Software\Avast\x64\aswhooka.dll
0x00007fff69a30000 - 0x00007fff69c4d000 	C:\Windows\System32\KERNELBASE.dll
0x00007fff6c520000 - 0x00007fff6c5c2000 	C:\Windows\System32\ADVAPI32.dll
0x00007fff6cbc0000 - 0x00007fff6cc5e000 	C:\Windows\System32\msvcrt.dll
0x00007fff6cc60000 - 0x00007fff6ccb9000 	C:\Windows\System32\sechost.dll
0x00007fff6c1d0000 - 0x00007fff6c2f1000 	C:\Windows\System32\RPCRT4.dll
0x00007fff6c770000 - 0x00007fff6c8d5000 	C:\Windows\System32\USER32.dll
0x00007fff6a440000 - 0x00007fff6a45e000 	C:\Windows\System32\win32u.dll
0x00007fff6abd0000 - 0x00007fff6ac04000 	C:\Windows\System32\GDI32.dll
0x00007fff69540000 - 0x00007fff696c0000 	C:\Windows\System32\gdi32full.dll
0x00007fff5e600000 - 0x00007fff5e87a000 	C:\Windows\WinSxS\amd64_microsoft.windows.common-controls_6595b64144ccf1df_6.0.14393.953_none_42151e83c686086b\COMCTL32.dll
0x00007fff6ccc0000 - 0x00007fff6cf88000 	C:\Windows\System32\combase.dll
0x00007fff696c0000 - 0x00007fff697b5000 	C:\Windows\System32\ucrtbase.dll
0x00007fff6a510000 - 0x00007fff6a57a000 	C:\Windows\System32\bcryptPrimitives.dll
0x00007fff6c4e0000 - 0x00007fff6c50e000 	C:\Windows\System32\IMM32.DLL
0x000000005d8b0000 - 0x000000005d982000 	C:\Program Files\Java\jdk1.8.0_144\jre\bin\msvcr100.dll
0x000000005c180000 - 0x000000005ca1d000 	C:\Program Files\Java\jdk1.8.0_144\jre\bin\server\jvm.dll
0x00007fff6c4d0000 - 0x00007fff6c4d8000 	C:\Windows\System32\PSAPI.DLL
0x00007fff65470000 - 0x00007fff65479000 	C:\Windows\SYSTEM32\WSOCK32.dll
0x00007fff6c9a0000 - 0x00007fff6ca0a000 	C:\Windows\System32\WS2_32.dll
0x00007fff67aa0000 - 0x00007fff67ac3000 	C:\Windows\SYSTEM32\WINMM.dll
0x00007fff60950000 - 0x00007fff6095a000 	C:\Windows\SYSTEM32\VERSION.dll
0x00007fff67a40000 - 0x00007fff67a6b000 	C:\Windows\SYSTEM32\WINMMBASE.dll
0x00007fff694f0000 - 0x00007fff69532000 	C:\Windows\System32\cfgmgr32.dll
0x000000005d8a0000 - 0x000000005d8af000 	C:\Program Files\Java\jdk1.8.0_144\jre\bin\verify.dll
0x000000005d870000 - 0x000000005d899000 	C:\Program Files\Java\jdk1.8.0_144\jre\bin\java.dll
0x000000005d840000 - 0x000000005d863000 	C:\Program Files\Java\jdk1.8.0_144\jre\bin\instrument.dll
0x000000005d820000 - 0x000000005d836000 	C:\Program Files\Java\jdk1.8.0_144\jre\bin\zip.dll
0x00007fff6acc0000 - 0x00007fff6c1c8000 	C:\Windows\System32\SHELL32.dll
0x00007fff69c50000 - 0x00007fff6a32a000 	C:\Windows\System32\windows.storage.dll
0x00007fff69480000 - 0x00007fff694cc000 	C:\Windows\System32\powrprof.dll
0x00007fff6cb50000 - 0x00007fff6cba2000 	C:\Windows\System32\shlwapi.dll
0x00007fff694e0000 - 0x00007fff694ef000 	C:\Windows\System32\kernel.appcore.dll
0x00007fff6a460000 - 0x00007fff6a509000 	C:\Windows\System32\shcore.dll
0x00007fff69460000 - 0x00007fff69474000 	C:\Windows\System32\profapi.dll
0x00007fff66520000 - 0x00007fff6653a000 	C:\Program Files\JetBrains\IntelliJ IDEA Community Edition 2017.2.4\bin\breakgen64.dll
0x000000005d800000 - 0x000000005d81a000 	C:\Program Files\Java\jdk1.8.0_144\jre\bin\net.dll
0x00007fff68d90000 - 0x00007fff68dec000 	C:\Windows\system32\mswsock.dll
0x000000005d7e0000 - 0x000000005d7f1000 	C:\Program Files\Java\jdk1.8.0_144\jre\bin\nio.dll

VM Arguments:
jvm_args: -Dmaven.multiModuleProjectDirectory=C:\Users\ADMIN\IdeaProjects\webdriver -Dmaven.home=C:\Program Files\JetBrains\IntelliJ IDEA Community Edition 2017.2.4\plugins\maven\lib\maven3 -Dclassworlds.conf=C:\Program Files\JetBrains\IntelliJ IDEA Community Edition 2017.2.4\plugins\maven\lib\maven3\bin\m2.conf -javaagent:C:\Program Files\JetBrains\IntelliJ IDEA Community Edition 2017.2.4\lib\idea_rt.jar=60180:C:\Program Files\JetBrains\IntelliJ IDEA Community Edition 2017.2.4\bin -Dfile.encoding=UTF-8 
java_command: org.codehaus.classworlds.Launcher -Didea.version=2017.2.4 install
java_class_path (initial): C:\Program Files\JetBrains\IntelliJ IDEA Community Edition 2017.2.4\plugins\maven\lib\maven3\boot\plexus-classworlds-2.5.2.jar;C:\Program Files\JetBrains\IntelliJ IDEA Community Edition 2017.2.4\lib\idea_rt.jar
Launcher Type: SUN_STANDARD

Environment Variables:
PATH=C:\ProgramData\Oracle\Java\javapath;C:\Windows\system32;C:\Windows;C:\Windows\System32\Wbem;C:\Windows\System32\WindowsPowerShell\v1.0\;C:\Program Files (x86)\Skype\Phone\;C:\Program Files (x86)\NVIDIA Corporation\PhysX\Common;C:\Program Files\Git\cmd;C:\Program Files\OpenVPN\bin;C:\Users\ADMIN\AppData\Local\Microsoft\WindowsApps;
USERNAME=ADMIN
OS=Windows_NT
PROCESSOR_IDENTIFIER=Intel64 Family 6 Model 60 Stepping 3, GenuineIntel



---------------  S Y S T E M  ---------------

OS: Windows 10.0 , 64 bit Build 14393 (10.0.14393.1198)

CPU:total 4 (initial active 4) (2 cores per cpu, 2 threads per core) family 6 model 60 stepping 3, cmov, cx8, fxsr, mmx, sse, sse2, sse3, ssse3, sse4.1, sse4.2, popcnt, avx, avx2, clmul, erms, lzcnt, ht, tsc, tscinvbit

Memory: 4k page, physical 8298776k(1347604k free), swap 8298776k(6196k free)

vm_info: Java HotSpot(TM) 64-Bit Server VM (25.144-b01) for windows-amd64 JRE (1.8.0_144-b01), built on Jul 21 2017 21:57:33 by "java_re" with MS VC++ 10.0 (VS2010)

time: Sun Sep 24 15:45:45 2017
elapsed time: 3 seconds (0d 0h 0m 3s)

