#
# There is insufficient memory for the Java Runtime Environment to continue.
# Native memory allocation (malloc) failed to allocate 1048576 bytes for AllocateHeap
# Possible reasons:
#   The system is out of physical RAM or swap space
#   In 32 bit mode, the process size limit was hit
# Possible solutions:
#   Reduce memory load on the system
#   Increase physical memory or swap space
#   Check if swap backing store is full
#   Use 64 bit Java on a 64 bit OS
#   Decrease Java heap size (-Xmx/-Xms)
#   Decrease number of Java threads
#   Decrease Java thread stack sizes (-Xss)
#   Set larger code cache with -XX:ReservedCodeCacheSize=
# This output file may be truncated or incomplete.
#
#  Out of Memory Error (memory/allocation.inline.hpp:61), pid=6580, tid=0x0000000000002578
#
# JRE version:  (8.0_144-b01) (build )
# Java VM: Java HotSpot(TM) 64-Bit Server VM (25.144-b01 mixed mode windows-amd64 compressed oops)
# Failed to write core dump. Minidumps are not enabled by default on client versions of Windows
#

---------------  T H R E A D  ---------------

Current thread (0x0000000002f30800):  JavaThread "Unknown thread" [_thread_in_vm, id=9592, stack(0x0000000002da0000,0x0000000002ea0000)]

Stack: [0x0000000002da0000,0x0000000002ea0000]
[error occurred during error reporting (printing stack bounds), id 0xc0000005]

Native frames: (J=compiled Java code, j=interpreted, Vv=VM code, C=native code)


---------------  P R O C E S S  ---------------

Java Threads: ( => current thread )

Other Threads:

=>0x0000000002f30800 (exited) JavaThread "Unknown thread" [_thread_in_vm, id=9592, stack(0x0000000002da0000,0x0000000002ea0000)]

VM state:not at safepoint (normal execution)

VM Mutex/Monitor currently owned by a thread: None

Heap:
 PSYoungGen      total 38400K, used 665K [0x00000000d5c00000, 0x00000000d8680000, 0x0000000100000000)
  eden space 33280K, 2% used [0x00000000d5c00000,0x00000000d5ca6670,0x00000000d7c80000)
  from space 5120K, 0% used [0x00000000d8180000,0x00000000d8180000,0x00000000d8680000)
  to   space 5120K, 0% used [0x00000000d7c80000,0x00000000d7c80000,0x00000000d8180000)
 ParOldGen       total 87552K, used 0K [0x0000000081400000, 0x0000000086980000, 0x00000000d5c00000)
  object space 87552K, 0% used [0x0000000081400000,0x0000000081400000,0x0000000086980000)
 Metaspace       used 770K, capacity 4480K, committed 4480K, reserved 1056768K
  class space    used 75K, capacity 384K, committed 384K, reserved 1048576K

Card table byte_map: [0x00000000123f0000,0x00000000127f0000] byte_map_base: 0x0000000011fe6000

Marking Bits: (ParMarkBitMap*) 0x000000005c99d850
 Begin Bits: [0x0000000012ea0000, 0x0000000014e50000)
 End Bits:   [0x0000000014e50000, 0x0000000016e00000)

Polling page: 0x00000000016b0000

CodeCache: size=245760Kb used=328Kb max_used=328Kb free=245431Kb
 bounds [0x0000000003030000, 0x00000000032a0000, 0x0000000012030000]
 total_blobs=58 nmethods=0 adapters=38
 compilation: enabled

Compilation events (0 events):
No events

GC Heap History (0 events):
No events

Deoptimization events (0 events):
No events

Internal exceptions (0 events):
No events

Events (10 events):
Event: 0.036 loading class java/lang/Short
Event: 0.036 loading class java/lang/Short done
Event: 0.036 loading class java/lang/Integer
Event: 0.036 loading class java/lang/Integer done
Event: 0.036 loading class java/lang/Long
Event: 0.036 loading class java/lang/Long done
Event: 0.037 loading class java/lang/NullPointerException
Event: 0.037 loading class java/lang/NullPointerException done
Event: 0.037 loading class java/lang/ArithmeticException
Event: 0.037 loading class java/lang/ArithmeticException done


Dynamic libraries:
0x00007ff67dd70000 - 0x00007ff67dda7000 	C:\Program Files\Java\jdk1.8.0_144\jre\bin\java.exe
0x00007fff6cff0000 - 0x00007fff6d1c2000 	C:\Windows\SYSTEM32\ntdll.dll
0x00007fff6ac10000 - 0x00007fff6acbc000 	C:\Windows\System32\KERNEL32.DLL
0x00007fff4ce30000 - 0x00007fff4ce63000 	C:\Program Files\AVAST Software\Avast\x64\aswhooka.dll
0x00007fff69a30000 - 0x00007fff69c4d000 	C:\Windows\System32\KERNELBASE.dll
0x00007fff6c520000 - 0x00007fff6c5c2000 	C:\Windows\System32\ADVAPI32.dll
0x00007fff6cbc0000 - 0x00007fff6cc5e000 	C:\Windows\System32\msvcrt.dll
0x00007fff6cc60000 - 0x00007fff6ccb9000 	C:\Windows\System32\sechost.dll
0x00007fff6c1d0000 - 0x00007fff6c2f1000 	C:\Windows\System32\RPCRT4.dll
0x00007fff6c770000 - 0x00007fff6c8d5000 	C:\Windows\System32\USER32.dll
0x00007fff6a440000 - 0x00007fff6a45e000 	C:\Windows\System32\win32u.dll
0x00007fff6abd0000 - 0x00007fff6ac04000 	C:\Windows\System32\GDI32.dll
0x00007fff69540000 - 0x00007fff696c0000 	C:\Windows\System32\gdi32full.dll
0x00007fff5e600000 - 0x00007fff5e87a000 	C:\Windows\WinSxS\amd64_microsoft.windows.common-controls_6595b64144ccf1df_6.0.14393.953_none_42151e83c686086b\COMCTL32.dll
0x00007fff6ccc0000 - 0x00007fff6cf88000 	C:\Windows\System32\combase.dll
0x00007fff696c0000 - 0x00007fff697b5000 	C:\Windows\System32\ucrtbase.dll
0x00007fff6a510000 - 0x00007fff6a57a000 	C:\Windows\System32\bcryptPrimitives.dll
0x00007fff6c4e0000 - 0x00007fff6c50e000 	C:\Windows\System32\IMM32.DLL
0x000000005d8b0000 - 0x000000005d982000 	C:\Program Files\Java\jdk1.8.0_144\jre\bin\msvcr100.dll
0x000000005c180000 - 0x000000005ca1d000 	C:\Program Files\Java\jdk1.8.0_144\jre\bin\server\jvm.dll
0x00007fff6c4d0000 - 0x00007fff6c4d8000 	C:\Windows\System32\PSAPI.DLL
0x00007fff65470000 - 0x00007fff65479000 	C:\Windows\SYSTEM32\WSOCK32.dll
0x00007fff6c9a0000 - 0x00007fff6ca0a000 	C:\Windows\System32\WS2_32.dll
0x00007fff67aa0000 - 0x00007fff67ac3000 	C:\Windows\SYSTEM32\WINMM.dll
0x00007fff60950000 - 0x00007fff6095a000 	C:\Windows\SYSTEM32\VERSION.dll
0x00007fff67a40000 - 0x00007fff67a6b000 	C:\Windows\SYSTEM32\WINMMBASE.dll
0x00007fff694f0000 - 0x00007fff69532000 	C:\Windows\System32\cfgmgr32.dll
0x000000005d8a0000 - 0x000000005d8af000 	C:\Program Files\Java\jdk1.8.0_144\jre\bin\verify.dll
0x000000005d870000 - 0x000000005d899000 	C:\Program Files\Java\jdk1.8.0_144\jre\bin\java.dll
0x000000005d820000 - 0x000000005d836000 	C:\Program Files\Java\jdk1.8.0_144\jre\bin\zip.dll

VM Arguments:
java_command: C:\Users\ADMIN\AppData\Local\Temp\surefire3239171825218101302\surefirebooter1452792474599529756.jar C:\Users\ADMIN\AppData\Local\Temp\surefire3239171825218101302 2017-09-24T16-09-57_817-jvmRun1 surefire8105036596856483405tmp surefire_02369489133028166574tmp
java_class_path (initial): C:\Users\ADMIN\AppData\Local\Temp\surefire3239171825218101302\surefirebooter1452792474599529756.jar
Launcher Type: SUN_STANDARD

Environment Variables:
PATH=C:\ProgramData\Oracle\Java\javapath;C:\Windows\system32;C:\Windows;C:\Windows\System32\Wbem;C:\Windows\System32\WindowsPowerShell\v1.0\;C:\Program Files (x86)\Skype\Phone\;C:\Program Files (x86)\NVIDIA Corporation\PhysX\Common;C:\Program Files\Git\cmd;C:\Program Files\OpenVPN\bin;C:\Users\ADMIN\AppData\Local\Microsoft\WindowsApps;
USERNAME=ADMIN
OS=Windows_NT
PROCESSOR_IDENTIFIER=Intel64 Family 6 Model 60 Stepping 3, GenuineIntel



---------------  S Y S T E M  ---------------

OS: Windows 10.0 , 64 bit Build 14393 (10.0.14393.1198)

CPU:total 4 (initial active 4) (2 cores per cpu, 2 threads per core) family 6 model 60 stepping 3, cmov, cx8, fxsr, mmx, sse, sse2, sse3, ssse3, sse4.1, sse4.2, popcnt, avx, avx2, clmul, erms, lzcnt, ht, tsc, tscinvbit

Memory: 4k page, physical 8298776k(1430820k free), swap 8298776k(4972k free)

vm_info: Java HotSpot(TM) 64-Bit Server VM (25.144-b01) for windows-amd64 JRE (1.8.0_144-b01), built on Jul 21 2017 21:57:33 by "java_re" with MS VC++ 10.0 (VS2010)

time: Sun Sep 24 16:09:58 2017
elapsed time: 0 seconds (0d 0h 0m 0s)

